<?xml version="1.0" encoding="UTF-8"?>
<Site BuildName="Linux-c++"
	BuildStamp="20251008-1932-Experimental"
	Name="Eytan"
	Generator="ctest-3.28.3"
	CompilerName="/usr/bin/c++"
	CompilerVersion="13.3.0"
	OSName="Linux"
	Hostname="Eytan"
	OSRelease="6.6.87.2-microsoft-standard-WSL2"
	OSVersion="#1 SMP PREEMPT_DYNAMIC Thu Jun  5 18:30:46 UTC 2025"
	OSPlatform="x86_64"
	Is64Bits="1"
	VendorString="GenuineIntel"
	VendorID="Intel Corporation"
	FamilyID="6"
	ModelID="140"
	ProcessorCacheSize="12288"
	NumberOfLogicalCPU="8"
	NumberOfPhysicalCPU="4"
	TotalVirtualMemory="2048"
	TotalPhysicalMemory="7790"
	LogicalProcessorsPerPhysical="2"
	ProcessorClockFrequency="2803.2"
	>
	<Testing>
		<StartDateTime>Oct 08 21:33 CEST</StartDateTime>
		<StartTestTime>1759952009</StartTestTime>
		<TestList/>
		<EndDateTime>Oct 08 21:33 CEST</EndDateTime>
		<EndTestTime>1759952009</EndTestTime>
		<ElapsedMinutes>0</ElapsedMinutes>
	</Testing>
</Site>
